20200307:11:25:12.200 [main] INFO   Starting ShopApiApplication on DESKTOP-02JNTM3 with PID 10456 (E:\IdeaProjects\hooya-shop\shop-api\target\classes started by juzi9 in E:\IdeaProjects\hooya-shop\shop-parent)
20200307:11:25:12.348 [main] INFO   No active profile set, falling back to default profiles: default
20200307:11:25:21.968 [main] INFO   Tomcat initialized with port(s): 8888 (http)
20200307:11:25:22.016 [main] INFO   Initializing ProtocolHandler ["http-nio-8888"]
20200307:11:25:22.017 [main] INFO   Starting service [Tomcat]
20200307:11:25:22.017 [main] INFO   Starting Servlet engine: [Apache Tomcat/9.0.29]
20200307:11:25:22.347 [main] INFO   Initializing Spring embedded WebApplicationContext
20200307:11:25:22.347 [main] INFO   Root WebApplicationContext: initialization completed in 9626 ms
20200307:11:25:24.741 [main] INFO   Initializing ExecutorService 'applicationTaskExecutor'
20200307:11:25:25.515 [main] INFO   Starting ProtocolHandler ["http-nio-8888"]
20200307:11:25:25.543 [main] INFO   Tomcat started on port(s): 8888 (http) with context path ''
20200307:11:25:25.546 [main] INFO   Started ShopApiApplication in 15.405 seconds (JVM running for 21.921)
20200307:11:33:33.801 [main] INFO   Starting ShopApiApplication on DESKTOP-02JNTM3 with PID 8120 (E:\IdeaProjects\hooya-shop\shop-api\target\classes started by juzi9 in E:\IdeaProjects\hooya-shop\shop-parent)
20200307:11:33:33.801 [main] INFO   No active profile set, falling back to default profiles: default
20200307:11:33:35.499 [main] INFO   Tomcat initialized with port(s): 8888 (http)
20200307:11:33:35.499 [main] INFO   Initializing ProtocolHandler ["http-nio-8888"]
20200307:11:33:35.499 [main] INFO   Starting service [Tomcat]
20200307:11:33:35.499 [main] INFO   Starting Servlet engine: [Apache Tomcat/9.0.29]
20200307:11:33:35.599 [main] INFO   Initializing Spring embedded WebApplicationContext
20200307:11:33:35.599 [main] INFO   Root WebApplicationContext: initialization completed in 1625 ms
20200307:11:33:36.379 [main] INFO   Initializing ExecutorService 'applicationTaskExecutor'
20200307:11:33:36.648 [main] INFO   Starting ProtocolHandler ["http-nio-8888"]
20200307:11:33:36.680 [main] INFO   Tomcat started on port(s): 8888 (http) with context path ''
20200307:11:33:36.680 [main] INFO   Started ShopApiApplication in 3.392 seconds (JVM running for 4.787)
20200307:11:34:23.932 [main] INFO   Starting ShopApiApplication on DESKTOP-02JNTM3 with PID 7420 (E:\IdeaProjects\hooya-shop\shop-api\target\classes started by juzi9 in E:\IdeaProjects\hooya-shop\shop-parent)
20200307:11:34:23.932 [main] INFO   No active profile set, falling back to default profiles: default
20200307:11:34:25.488 [main] INFO   Tomcat initialized with port(s): 8888 (http)
20200307:11:34:25.488 [main] INFO   Initializing ProtocolHandler ["http-nio-8888"]
20200307:11:34:25.488 [main] INFO   Starting service [Tomcat]
20200307:11:34:25.488 [main] INFO   Starting Servlet engine: [Apache Tomcat/9.0.29]
20200307:11:34:25.572 [main] INFO   Initializing Spring embedded WebApplicationContext
20200307:11:34:25.572 [main] INFO   Root WebApplicationContext: initialization completed in 1548 ms
20200307:11:34:26.290 [main] INFO   Initializing ExecutorService 'applicationTaskExecutor'
20200307:11:34:26.537 [main] INFO   Starting ProtocolHandler ["http-nio-8888"]
20200307:11:34:26.559 [main] INFO   Tomcat started on port(s): 8888 (http) with context path ''
20200307:11:34:26.559 [main] INFO   Started ShopApiApplication in 3.178 seconds (JVM running for 4.519)
20200307:11:34:49.746 [main] INFO   Starting ShopApiApplication on DESKTOP-02JNTM3 with PID 4764 (E:\IdeaProjects\hooya-shop\shop-api\target\classes started by juzi9 in E:\IdeaProjects\hooya-shop\shop-parent)
20200307:11:34:49.756 [main] INFO   No active profile set, falling back to default profiles: default
20200307:11:34:51.282 [main] INFO   Tomcat initialized with port(s): 8888 (http)
20200307:11:34:51.289 [main] INFO   Initializing ProtocolHandler ["http-nio-8888"]
20200307:11:34:51.289 [main] INFO   Starting service [Tomcat]
20200307:11:34:51.289 [main] INFO   Starting Servlet engine: [Apache Tomcat/9.0.29]
20200307:11:34:51.389 [main] INFO   Initializing Spring embedded WebApplicationContext
20200307:11:34:51.389 [main] INFO   Root WebApplicationContext: initialization completed in 1553 ms
20200307:11:34:52.169 [main] INFO   Initializing ExecutorService 'applicationTaskExecutor'
20200307:11:34:52.607 [main] INFO   Starting ProtocolHandler ["http-nio-8888"]
20200307:11:34:52.639 [main] INFO   Tomcat started on port(s): 8888 (http) with context path ''
20200307:11:34:52.639 [main] INFO   Started ShopApiApplication in 3.616 seconds (JVM running for 4.962)
20200307:12:14:52.813 [http-nio-8888-exec-1] INFO   Initializing Spring DispatcherServlet 'dispatcherServlet'
20200307:12:14:52.815 [http-nio-8888-exec-1] INFO   Initializing Servlet 'dispatcherServlet'
20200307:12:14:52.854 [http-nio-8888-exec-1] INFO   Completed initialization in 38 ms
20200307:12:14:53.615 [http-nio-8888-exec-2] INFO   {dataSource-1} inited
